<?xml version="1.0" encoding="UTF-8"?>
<coverage generated="1639039728614" clover="3.2.0">
  <project timestamp="1639039728614" name="All files">
    <metrics statements="31" coveredstatements="26" conditionals="20" coveredconditionals="18" methods="14" coveredmethods="10" elements="65" coveredelements="54" complexity="0" loc="31" ncloc="31" packages="2" files="3" classes="3"/>
    <package name="src">
      <metrics statements="9" coveredstatements="5" conditionals="2" coveredconditionals="2" methods="6" coveredmethods="3"/>
      <file name="App.js" path="C:\Users\sproz\Desktop\projects\sna_ui_test\src\App.js">
        <metrics statements="9" coveredstatements="5" conditionals="2" coveredconditionals="2" methods="6" coveredmethods="3"/>
        <line num="9" count="9" type="stmt"/>
        <line num="10" count="8" type="stmt"/>
        <line num="12" count="8" type="stmt"/>
        <line num="13" count="0" type="stmt"/>
        <line num="15" count="0" type="stmt"/>
        <line num="16" count="0" type="stmt"/>
        <line num="20" count="0" type="stmt"/>
        <line num="24" count="8" type="stmt"/>
        <line num="30" count="3" type="stmt"/>
      </file>
    </package>
    <package name="src.Components">
      <metrics statements="22" coveredstatements="21" conditionals="18" coveredconditionals="16" methods="8" coveredmethods="7"/>
      <file name="Form.js" path="C:\Users\sproz\Desktop\projects\sna_ui_test\src\Components\Form.js">
        <metrics statements="4" coveredstatements="3" conditionals="10" coveredconditionals="9" methods="2" coveredmethods="1"/>
        <line num="4" count="5" type="stmt"/>
        <line num="5" count="4" type="stmt"/>
        <line num="7" count="4" type="stmt"/>
        <line num="34" count="0" type="stmt"/>
      </file>
      <file name="Table.js" path="C:\Users\sproz\Desktop\projects\sna_ui_test\src\Components\Table.js">
        <metrics statements="18" coveredstatements="18" conditionals="8" coveredconditionals="7" methods="6" coveredmethods="6"/>
        <line num="7" count="12" type="stmt"/>
        <line num="11" count="12" type="cond" truecount="1" falsecount="1"/>
        <line num="14" count="12" type="stmt"/>
        <line num="23" count="12" type="stmt"/>
        <line num="35" count="12" type="stmt"/>
        <line num="37" count="12" type="stmt"/>
        <line num="42" count="12" type="stmt"/>
        <line num="45" count="48" type="stmt"/>
        <line num="46" count="48" type="cond" truecount="2" falsecount="0"/>
        <line num="47" count="2" type="stmt"/>
        <line num="48" count="2" type="cond" truecount="2" falsecount="0"/>
        <line num="50" count="48" type="cond" truecount="2" falsecount="0"/>
        <line num="51" count="2" type="stmt"/>
        <line num="52" count="2" type="stmt"/>
        <line num="54" count="48" type="stmt"/>
        <line num="68" count="104" type="stmt"/>
        <line num="69" count="104" type="stmt"/>
        <line num="74" count="416" type="stmt"/>
      </file>
    </package>
  </project>
</coverage>
