{"C:\\Users\\sproz\\Desktop\\projects\\sna_ui_test\\src\\App.js": {"path":"C:\\Users\\sproz\\Desktop\\projects\\sna_ui_test\\src\\App.js","statementMap":{"0":{"start":{"line":9,"column":36},"end":{"line":9,"column":54}},"1":{"start":{"line":10,"column":40},"end":{"line":10,"column":54}},"2":{"start":{"line":12,"column":19},"end":{"line":22,"column":3}},"3":{"start":{"line":13,"column":4},"end":{"line":13,"column":34}},"4":{"start":{"line":13,"column":27},"end":{"line":13,"column":32}},"5":{"start":{"line":15,"column":4},"end":{"line":21,"column":6}},"6":{"start":{"line":16,"column":19},"end":{"line":19,"column":7}},"7":{"start":{"line":20,"column":6},"end":{"line":20,"column":33}},"8":{"start":{"line":24,"column":2},"end":{"line":38,"column":4}},"9":{"start":{"line":30,"column":33},"end":{"line":30,"column":63}},"10":{"start":{"line":30,"column":56},"end":{"line":30,"column":61}}},"fnMap":{"0":{"name":"App","decl":{"start":{"line":7,"column":9},"end":{"line":7,"column":12}},"loc":{"start":{"line":7,"column":15},"end":{"line":39,"column":1}},"line":7},"1":{"name":"(anonymous_1)","decl":{"start":{"line":12,"column":19},"end":{"line":12,"column":20}},"loc":{"start":{"line":12,"column":29},"end":{"line":22,"column":3}},"line":12},"2":{"name":"(anonymous_2)","decl":{"start":{"line":13,"column":19},"end":{"line":13,"column":20}},"loc":{"start":{"line":13,"column":27},"end":{"line":13,"column":32}},"line":13},"3":{"name":"(anonymous_3)","decl":{"start":{"line":15,"column":17},"end":{"line":15,"column":18}},"loc":{"start":{"line":15,"column":30},"end":{"line":21,"column":5}},"line":15},"4":{"name":"(anonymous_4)","decl":{"start":{"line":30,"column":25},"end":{"line":30,"column":26}},"loc":{"start":{"line":30,"column":31},"end":{"line":30,"column":65}},"line":30},"5":{"name":"(anonymous_5)","decl":{"start":{"line":30,"column":48},"end":{"line":30,"column":49}},"loc":{"start":{"line":30,"column":56},"end":{"line":30,"column":61}},"line":30}},"branchMap":{"0":{"loc":{"start":{"line":29,"column":7},"end":{"line":32,"column":61}},"type":"cond-expr","locations":[{"start":{"line":30,"column":8},"end":{"line":30,"column":88}},{"start":{"line":32,"column":8},"end":{"line":32,"column":61}}],"line":29}},"s":{"0":9,"1":8,"2":8,"3":0,"4":0,"5":0,"6":0,"7":0,"8":8,"9":3,"10":3},"f":{"0":9,"1":0,"2":0,"3":0,"4":3,"5":3},"b":{"0":[5,3]},"_coverageSchema":"1a1c01bbd47fc00a2c39e90264f33305004495a9","hash":"e19c119cac29bdb6486fc1101c30d49489fab946"}
,"C:\\Users\\sproz\\Desktop\\projects\\sna_ui_test\\src\\Components\\Form.js": {"path":"C:\\Users\\sproz\\Desktop\\projects\\sna_ui_test\\src\\Components\\Form.js","statementMap":{"0":{"start":{"line":4,"column":38},"end":{"line":4,"column":43}},"1":{"start":{"line":5,"column":69},"end":{"line":5,"column":78}},"2":{"start":{"line":7,"column":4},"end":{"line":42,"column":12}},"3":{"start":{"line":34,"column":96},"end":{"line":34,"column":107}}},"fnMap":{"0":{"name":"Form","decl":{"start":{"line":3,"column":24},"end":{"line":3,"column":28}},"loc":{"start":{"line":3,"column":36},"end":{"line":43,"column":1}},"line":3},"1":{"name":"(anonymous_1)","decl":{"start":{"line":34,"column":87},"end":{"line":34,"column":88}},"loc":{"start":{"line":34,"column":96},"end":{"line":34,"column":107}},"line":34}},"branchMap":{"0":{"loc":{"start":{"line":9,"column":34},"end":{"line":9,"column":61}},"type":"cond-expr","locations":[{"start":{"line":9,"column":48},"end":{"line":9,"column":56}},{"start":{"line":9,"column":59},"end":{"line":9,"column":61}}],"line":9},"1":{"loc":{"start":{"line":12,"column":26},"end":{"line":12,"column":74}},"type":"cond-expr","locations":[{"start":{"line":12,"column":60},"end":{"line":12,"column":69}},{"start":{"line":12,"column":72},"end":{"line":12,"column":74}}],"line":12},"2":{"loc":{"start":{"line":18,"column":26},"end":{"line":18,"column":78}},"type":"cond-expr","locations":[{"start":{"line":18,"column":64},"end":{"line":18,"column":73}},{"start":{"line":18,"column":76},"end":{"line":18,"column":78}}],"line":18},"3":{"loc":{"start":{"line":24,"column":26},"end":{"line":24,"column":76}},"type":"cond-expr","locations":[{"start":{"line":24,"column":62},"end":{"line":24,"column":71}},{"start":{"line":24,"column":74},"end":{"line":24,"column":76}}],"line":24},"4":{"loc":{"start":{"line":32,"column":26},"end":{"line":32,"column":76}},"type":"cond-expr","locations":[{"start":{"line":32,"column":62},"end":{"line":32,"column":71}},{"start":{"line":32,"column":74},"end":{"line":32,"column":76}}],"line":32}},"s":{"0":5,"1":4,"2":4,"3":0},"f":{"0":5,"1":0},"b":{"0":[0,4],"1":[1,3],"2":[1,3],"3":[1,3],"4":[1,3]},"_coverageSchema":"1a1c01bbd47fc00a2c39e90264f33305004495a9","hash":"d2c26b92289126430144e797ca023bb5322ef288"}
,"C:\\Users\\sproz\\Desktop\\projects\\sna_ui_test\\src\\Components\\Table.js": {"path":"C:\\Users\\sproz\\Desktop\\projects\\sna_ui_test\\src\\Components\\Table.js","statementMap":{"0":{"start":{"line":7,"column":25},"end":{"line":7,"column":50}},"1":{"start":{"line":7,"column":38},"end":{"line":7,"column":45}},"2":{"start":{"line":11,"column":15},"end":{"line":11,"column":67}},"3":{"start":{"line":14,"column":25},"end":{"line":21,"column":5}},"4":{"start":{"line":23,"column":26},"end":{"line":27,"column":17}},"5":{"start":{"line":35,"column":8},"end":{"line":35,"column":21}},"6":{"start":{"line":37,"column":4},"end":{"line":83,"column":6}},"7":{"start":{"line":42,"column":24},"end":{"line":61,"column":29}},"8":{"start":{"line":45,"column":45},"end":{"line":45,"column":47}},"9":{"start":{"line":45,"column":54},"end":{"line":45,"column":56}},"10":{"start":{"line":46,"column":36},"end":{"line":49,"column":37}},"11":{"start":{"line":47,"column":40},"end":{"line":47,"column":55}},"12":{"start":{"line":48,"column":40},"end":{"line":48,"column":78}},"13":{"start":{"line":50,"column":36},"end":{"line":53,"column":37}},"14":{"start":{"line":51,"column":40},"end":{"line":51,"column":75}},"15":{"start":{"line":52,"column":40},"end":{"line":52,"column":74}},"16":{"start":{"line":54,"column":36},"end":{"line":58,"column":42}},"17":{"start":{"line":68,"column":24},"end":{"line":68,"column":39}},"18":{"start":{"line":69,"column":24},"end":{"line":78,"column":25}},"19":{"start":{"line":74,"column":40},"end":{"line":74,"column":135}}},"fnMap":{"0":{"name":"Table","decl":{"start":{"line":5,"column":24},"end":{"line":5,"column":29}},"loc":{"start":{"line":5,"column":37},"end":{"line":84,"column":1}},"line":5},"1":{"name":"(anonymous_1)","decl":{"start":{"line":7,"column":33},"end":{"line":7,"column":34}},"loc":{"start":{"line":7,"column":38},"end":{"line":7,"column":45}},"line":7},"2":{"name":"(anonymous_2)","decl":{"start":{"line":41,"column":37},"end":{"line":41,"column":38}},"loc":{"start":{"line":42,"column":24},"end":{"line":61,"column":29}},"line":42},"3":{"name":"(anonymous_3)","decl":{"start":{"line":44,"column":56},"end":{"line":44,"column":57}},"loc":{"start":{"line":44,"column":75},"end":{"line":59,"column":33}},"line":44},"4":{"name":"(anonymous_4)","decl":{"start":{"line":67,"column":30},"end":{"line":67,"column":31}},"loc":{"start":{"line":67,"column":37},"end":{"line":79,"column":21}},"line":67},"5":{"name":"(anonymous_5)","decl":{"start":{"line":73,"column":51},"end":{"line":73,"column":52}},"loc":{"start":{"line":73,"column":59},"end":{"line":75,"column":37}},"line":73}},"branchMap":{"0":{"loc":{"start":{"line":11,"column":15},"end":{"line":11,"column":67}},"type":"cond-expr","locations":[{"start":{"line":11,"column":55},"end":{"line":11,"column":60}},{"start":{"line":11,"column":63},"end":{"line":11,"column":67}}],"line":11},"1":{"loc":{"start":{"line":46,"column":36},"end":{"line":49,"column":37}},"type":"if","locations":[{"start":{"line":46,"column":36},"end":{"line":49,"column":37}},{"start":{},"end":{}}],"line":46},"2":{"loc":{"start":{"line":48,"column":47},"end":{"line":48,"column":78}},"type":"cond-expr","locations":[{"start":{"line":48,"column":69},"end":{"line":48,"column":72}},{"start":{"line":48,"column":75},"end":{"line":48,"column":78}}],"line":48},"3":{"loc":{"start":{"line":50,"column":36},"end":{"line":53,"column":37}},"type":"if","locations":[{"start":{"line":50,"column":36},"end":{"line":53,"column":37}},{"start":{},"end":{}}],"line":50}},"s":{"0":12,"1":8,"2":12,"3":12,"4":12,"5":12,"6":12,"7":12,"8":48,"9":48,"10":48,"11":2,"12":2,"13":48,"14":2,"15":2,"16":48,"17":104,"18":104,"19":416},"f":{"0":12,"1":8,"2":12,"3":48,"4":104,"5":416},"b":{"0":[0,12],"1":[2,46],"2":[1,1],"3":[2,46]},"_coverageSchema":"1a1c01bbd47fc00a2c39e90264f33305004495a9","hash":"f6389a173463a30fbaad9713dd2606867d2575f7"}
}
