TN:
SF:src\App.js
FN:7,App
FN:12,(anonymous_1)
FN:13,(anonymous_2)
FN:15,(anonymous_3)
FN:30,(anonymous_4)
FN:30,(anonymous_5)
FNF:6
FNH:3
FNDA:9,App
FNDA:0,(anonymous_1)
FNDA:0,(anonymous_2)
FNDA:0,(anonymous_3)
FNDA:3,(anonymous_4)
FNDA:3,(anonymous_5)
DA:9,9
DA:10,8
DA:12,8
DA:13,0
DA:15,0
DA:16,0
DA:20,0
DA:24,8
DA:30,3
LF:9
LH:5
BRDA:29,0,0,5
BRDA:29,0,1,3
BRF:2
BRH:2
end_of_record
TN:
SF:src\Components\Form.js
FN:3,Form
FN:34,(anonymous_1)
FNF:2
FNH:1
FNDA:5,Form
FNDA:0,(anonymous_1)
DA:4,5
DA:5,4
DA:7,4
DA:34,0
LF:4
LH:3
BRDA:9,0,0,0
BRDA:9,0,1,4
BRDA:12,1,0,1
BRDA:12,1,1,3
BRDA:18,2,0,1
BRDA:18,2,1,3
BRDA:24,3,0,1
BRDA:24,3,1,3
BRDA:32,4,0,1
BRDA:32,4,1,3
BRF:10
BRH:9
end_of_record
TN:
SF:src\Components\Table.js
FN:5,Table
FN:7,(anonymous_1)
FN:41,(anonymous_2)
FN:44,(anonymous_3)
FN:67,(anonymous_4)
FN:73,(anonymous_5)
FNF:6
FNH:6
FNDA:12,Table
FNDA:8,(anonymous_1)
FNDA:12,(anonymous_2)
FNDA:48,(anonymous_3)
FNDA:104,(anonymous_4)
FNDA:416,(anonymous_5)
DA:7,12
DA:11,12
DA:14,12
DA:23,12
DA:35,12
DA:37,12
DA:42,12
DA:45,48
DA:46,48
DA:47,2
DA:48,2
DA:50,48
DA:51,2
DA:52,2
DA:54,48
DA:68,104
DA:69,104
DA:74,416
LF:18
LH:18
BRDA:11,0,0,0
BRDA:11,0,1,12
BRDA:46,1,0,2
BRDA:46,1,1,46
BRDA:48,2,0,1
BRDA:48,2,1,1
BRDA:50,3,0,2
BRDA:50,3,1,46
BRF:8
BRH:7
end_of_record
